07-27-2016 15:21:41 1 INFO TC-Parser : Directory P:\xpranpa\26R2A\titans_work\topo\insert not exist, try to create.... 
07-27-2016 15:21:41 1 INFO TC-Parser : sql queries at P:\xpranpa\26R2A\titans_work\topo\insert\topology_insert_queries_20160727_152141493.sql
07-27-2016 15:21:42 1 INFO TC-Parser : sql queries at P:\xpranpa\26R2A\titans_work\topo\insert\topology_insert_queries_20160727_152142584.sql
07-27-2016 15:21:47 1 INFO TC-Parser : sql queries at P:\xpranpa\26R2A\titans_work\topo\insert\topology_insert_queries_20160727_152147329.sql
07-27-2016 15:21:47 1 INFO TC-Parser : sql queries at P:\xpranpa\26R2A\titans_work\topo\insert\topology_insert_queries_20160727_152147838.sql
07-27-2016 15:21:48 1 INFO TC-Parser : sql queries at P:\xpranpa\26R2A\titans_work\topo\insert\topology_insert_queries_20160727_152147944.sql
07-27-2016 15:21:48 1 INFO TC-Parser : sql queries at P:\xpranpa\26R2A\titans_work\topo\insert\topology_insert_queries_20160727_152148128.sql
07-27-2016 15:21:48 1 INFO TC-Parser : sql queries at P:\xpranpa\26R2A\titans_work\topo\insert\topology_insert_queries_20160727_152148261.sql
07-27-2016 15:21:48 1 INFO TC-Parser : sql queries at P:\xpranpa\26R2A\titans_work\topo\insert\topology_insert_queries_20160727_152148384.sql
07-27-2016 15:21:48 1 INFO TC-Parser : sql queries at P:\xpranpa\26R2A\titans_work\topo\insert\topology_insert_queries_20160727_152148510.sql
07-27-2016 15:21:48 1 INFO TC-Parser : sql queries at P:\xpranpa\26R2A\titans_work\topo\insert\topology_insert_queries_20160727_152148613.sql
07-27-2016 15:21:48 1 INFO TC-Parser : sql queries at P:\xpranpa\26R2A\titans_work\topo\insert\topology_insert_queries_20160727_152148701.sql
07-27-2016 15:21:48 1 INFO TC-Parser : sql queries at P:\xpranpa\26R2A\titans_work\topo\insert\topology_insert_queries_20160727_152148774.sql
07-27-2016 15:21:48 1 INFO TC-Parser : sql queries at P:\xpranpa\26R2A\titans_work\topo\insert\topology_insert_queries_20160727_152148876.sql
07-27-2016 15:21:49 1 INFO TC-Parser : sql queries at P:\xpranpa\26R2A\titans_work\topo\insert\topology_insert_queries_20160727_152148959.sql
07-27-2016 15:21:49 1 INFO TC-Parser : sql queries at P:\xpranpa\26R2A\titans_work\topo\insert\topology_insert_queries_20160727_152149091.sql
07-27-2016 15:21:49 1 INFO TC-Parser : sql queries at P:\xpranpa\26R2A\titans_work\topo\insert\topology_insert_queries_20160727_152149228.sql
07-27-2016 15:21:49 1 INFO TC-Parser : sql queries at P:\xpranpa\26R2A\titans_work\topo\insert\topology_insert_queries_20160727_152149301.sql
07-27-2016 15:21:49 1 INFO TC-Parser : sql queries at P:\xpranpa\26R2A\titans_work\topo\insert\topology_insert_queries_20160727_152149442.sql
07-27-2016 15:21:49 1 INFO TC-Parser : sql queries at P:\xpranpa\26R2A\titans_work\topo\insert\topology_insert_queries_20160727_152149564.sql
07-27-2016 15:21:49 1 INFO TC-Parser : sql queries at P:\xpranpa\26R2A\titans_work\topo\insert\topology_insert_queries_20160727_152149664.sql
07-27-2016 15:21:49 1 INFO TC-Parser : sql queries at P:\xpranpa\26R2A\titans_work\topo\insert\topology_insert_queries_20160727_152149823.sql
07-27-2016 15:21:50 1 INFO TC-Parser : sql queries at P:\xpranpa\26R2A\titans_work\topo\insert\topology_insert_queries_20160727_152150005.sql
07-27-2016 15:21:50 1 INFO TC-Parser : sql queries at P:\xpranpa\26R2A\titans_work\topo\insert\topology_insert_queries_20160727_152150111.sql
07-27-2016 15:21:50 1 INFO TC-Parser : sql queries at P:\xpranpa\26R2A\titans_work\topo\insert\topology_insert_queries_20160727_152150227.sql
07-27-2016 15:21:50 1 INFO TC-Parser : sql queries at P:\xpranpa\26R2A\titans_work\topo\insert\topology_insert_queries_20160727_152150339.sql
07-27-2016 15:21:50 1 INFO TC-Parser : sql queries at P:\xpranpa\26R2A\titans_work\topo\insert\topology_insert_queries_20160727_152150474.sql
07-27-2016 15:21:50 1 INFO TC-Parser : sql queries at P:\xpranpa\26R2A\titans_work\topo\insert\topology_insert_queries_20160727_152150567.sql
07-27-2016 15:21:50 1 INFO TC-Parser : sql queries at P:\xpranpa\26R2A\titans_work\topo\insert\topology_insert_queries_20160727_152150672.sql
07-27-2016 15:21:50 1 INFO TC-Parser : sql queries at P:\xpranpa\26R2A\titans_work\topo\insert\topology_insert_queries_20160727_152150780.sql
07-27-2016 15:21:50 1 INFO TC-Parser : sql queries at P:\xpranpa\26R2A\titans_work\topo\insert\topology_insert_queries_20160727_152150917.sql
07-27-2016 15:21:51 1 INFO TC-Parser : sql queries at P:\xpranpa\26R2A\titans_work\topo\insert\topology_insert_queries_20160727_152151053.sql
07-27-2016 15:21:51 1 INFO TC-Parser : sql queries at P:\xpranpa\26R2A\titans_work\topo\insert\topology_insert_queries_20160727_152151263.sql
07-27-2016 15:21:51 1 INFO TC-Parser : sql queries at P:\xpranpa\26R2A\titans_work\topo\insert\topology_insert_queries_20160727_152151542.sql
07-27-2016 15:21:55 1 INFO TC-Parser : sql queries at P:\xpranpa\26R2A\titans_work\topo\insert\topology_insert_queries_20160727_152155550.sql
07-27-2016 15:21:57 1 INFO TC-Parser : sql queries at P:\xpranpa\26R2A\titans_work\topo\insert\topology_insert_queries_20160727_152157531.sql
07-27-2016 15:21:59 1 INFO TC-Parser : Directory P:\xpranpa\26R2A\titans_work\topo\create not exist, try to create.... 
07-27-2016 15:21:59 1 INFO TC-Parser : sql queries at P:\xpranpa\26R2A\titans_work\topo\create\topology_create_queries_20160727_152159424.sql
07-27-2016 15:50:14 1 INFO TC-Parser : Directory P:\xpranpa\26R2A\titans_work\topo\Sql\insert not exist, try to create.... 
07-27-2016 15:50:14 1 INFO TC-Parser : Directory P:\xpranpa\26R2A\titans_work\topo\Sql\create not exist, try to create.... 
07-27-2016 15:50:14 1 INFO TC-Parser : sql queries at P:\xpranpa\26R2A\titans_work\topo\Sql\create\topology_create_queries_20160727_155014347.sql
07-27-2016 15:52:38 1 INFO TC-Parser : Cleaning directory P:\xpranpa\26R2A\titans_work\topo\Sql
07-27-2016 15:52:39 1 INFO TC-Parser : Directory P:\xpranpa\26R2A\titans_work\topo\Sql\insert not exist, try to create.... 
07-27-2016 15:52:39 1 INFO TC-Parser : sql queries at P:\xpranpa\26R2A\titans_work\topo\Sql\insert\topology_insert_queries_20160727_155239436.sql
07-27-2016 15:52:39 1 INFO TC-Parser : Directory P:\xpranpa\26R2A\titans_work\topo\Sql\create not exist, try to create.... 
07-27-2016 15:52:39 1 INFO TC-Parser : sql queries at P:\xpranpa\26R2A\titans_work\topo\Sql\create\topology_create_queries_20160727_155239481.sql
