08-08-2016 16:04:32 1 INFO TC-Parser : Directory P:\xpranpa\CI_17A\CD\TOPOLOGY\Sql\insert not exist, try to create.... 
08-08-2016 16:04:32 1 INFO TC-Parser : sql queries at P:\xpranpa\CI_17A\CD\TOPOLOGY\Sql\insert\topology_insert_queries_20160808_160432220.sql
08-08-2016 16:04:32 1 INFO TC-Parser : Directory P:\xpranpa\CI_17A\CD\TOPOLOGY\Sql\create not exist, try to create.... 
08-08-2016 16:04:32 1 INFO TC-Parser : sql queries at P:\xpranpa\CI_17A\CD\TOPOLOGY\Sql\create\topology_create_queries_20160808_160432409.sql
08-08-2016 16:33:02 1 INFO TC-Parser : Cleaning directory P:\xpranpa\CI_17A\CD\TOPOLOGY\Sql
08-08-2016 16:33:03 1 INFO TC-Parser : Directory P:\xpranpa\CI_17A\CD\TOPOLOGY\Sql\insert not exist, try to create.... 
08-08-2016 16:33:03 1 INFO TC-Parser : sql queries at P:\xpranpa\CI_17A\CD\TOPOLOGY\Sql\insert\topology_insert_queries_20160808_163303379.sql
08-08-2016 16:33:03 1 INFO TC-Parser : Directory P:\xpranpa\CI_17A\CD\TOPOLOGY\Sql\create not exist, try to create.... 
08-08-2016 16:33:03 1 INFO TC-Parser : sql queries at P:\xpranpa\CI_17A\CD\TOPOLOGY\Sql\create\topology_create_queries_20160808_163303466.sql
08-08-2016 16:35:19 1 INFO TC-Parser : Cleaning directory P:\xpranpa\CI_17A\CD\TOPOLOGY\Sql
08-08-2016 16:35:20 1 INFO TC-Parser : Directory P:\xpranpa\CI_17A\CD\TOPOLOGY\Sql\insert not exist, try to create.... 
08-08-2016 16:35:20 1 INFO TC-Parser : sql queries at P:\xpranpa\CI_17A\CD\TOPOLOGY\Sql\insert\topology_insert_queries_20160808_163520248.sql
08-08-2016 16:35:20 1 INFO TC-Parser : Directory P:\xpranpa\CI_17A\CD\TOPOLOGY\Sql\create not exist, try to create.... 
08-08-2016 16:35:20 1 INFO TC-Parser : sql queries at P:\xpranpa\CI_17A\CD\TOPOLOGY\Sql\create\topology_create_queries_20160808_163520324.sql
08-08-2016 16:54:36 1 INFO TC-Parser : Cleaning directory P:\xpranpa\CI_17A\CD\TOPOLOGY\Sql
08-08-2016 16:54:36 1 INFO TC-Parser : Directory P:\xpranpa\CI_17A\CD\TOPOLOGY\Sql\insert not exist, try to create.... 
08-08-2016 16:54:36 1 INFO TC-Parser : sql queries at P:\xpranpa\CI_17A\CD\TOPOLOGY\Sql\insert\topology_insert_queries_20160808_165436459.sql
08-08-2016 16:54:36 1 INFO TC-Parser : Directory P:\xpranpa\CI_17A\CD\TOPOLOGY\Sql\create not exist, try to create.... 
08-08-2016 16:54:36 1 INFO TC-Parser : sql queries at P:\xpranpa\CI_17A\CD\TOPOLOGY\Sql\create\topology_create_queries_20160808_165436504.sql
08-08-2016 16:54:50 1 INFO TC-Parser : Cleaning directory P:\xpranpa\CI_17A\CD\TOPOLOGY\Sql
08-08-2016 16:54:51 1 INFO TC-Parser : Directory P:\xpranpa\CI_17A\CD\TOPOLOGY\Sql\insert not exist, try to create.... 
08-08-2016 16:54:51 1 INFO TC-Parser : sql queries at P:\xpranpa\CI_17A\CD\TOPOLOGY\Sql\insert\topology_insert_queries_20160808_165451388.sql
08-08-2016 16:54:51 1 INFO TC-Parser : Directory P:\xpranpa\CI_17A\CD\TOPOLOGY\Sql\create not exist, try to create.... 
08-08-2016 16:54:51 1 INFO TC-Parser : sql queries at P:\xpranpa\CI_17A\CD\TOPOLOGY\Sql\create\topology_create_queries_20160808_165451424.sql
08-08-2016 17:01:51 1 INFO TC-Parser : Cleaning directory P:\xpranpa\CI_17A\CD\TOPOLOGY\Sql
08-08-2016 17:01:52 1 INFO TC-Parser : Directory P:\xpranpa\CI_17A\CD\TOPOLOGY\Sql\insert not exist, try to create.... 
08-08-2016 17:01:52 1 INFO TC-Parser : sql queries at P:\xpranpa\CI_17A\CD\TOPOLOGY\Sql\insert\topology_insert_queries_20160808_170152486.sql
08-08-2016 17:01:52 1 INFO TC-Parser : Directory P:\xpranpa\CI_17A\CD\TOPOLOGY\Sql\create not exist, try to create.... 
08-08-2016 17:01:52 1 INFO TC-Parser : sql queries at P:\xpranpa\CI_17A\CD\TOPOLOGY\Sql\create\topology_create_queries_20160808_170152536.sql
08-08-2016 17:02:06 1 INFO TC-Parser : Cleaning directory P:\xpranpa\CI_17A\CD\TOPOLOGY\Sql
08-08-2016 17:02:06 1 INFO TC-Parser : Directory P:\xpranpa\CI_17A\CD\TOPOLOGY\Sql\insert not exist, try to create.... 
08-08-2016 17:02:07 1 INFO TC-Parser : sql queries at P:\xpranpa\CI_17A\CD\TOPOLOGY\Sql\insert\topology_insert_queries_20160808_170206981.sql
08-08-2016 17:02:07 1 INFO TC-Parser : Directory P:\xpranpa\CI_17A\CD\TOPOLOGY\Sql\create not exist, try to create.... 
08-08-2016 17:02:07 1 INFO TC-Parser : sql queries at P:\xpranpa\CI_17A\CD\TOPOLOGY\Sql\create\topology_create_queries_20160808_170207015.sql
08-08-2016 17:06:00 1 INFO TC-Parser : Cleaning directory P:\xpranpa\CI_17A\CD\TOPOLOGY\Sql
08-08-2016 17:06:01 1 INFO TC-Parser : Directory P:\xpranpa\CI_17A\CD\TOPOLOGY\Sql\insert not exist, try to create.... 
08-08-2016 17:06:01 1 INFO TC-Parser : sql queries at P:\xpranpa\CI_17A\CD\TOPOLOGY\Sql\insert\topology_insert_queries_20160808_170601051.sql
08-08-2016 17:06:01 1 INFO TC-Parser : Directory P:\xpranpa\CI_17A\CD\TOPOLOGY\Sql\create not exist, try to create.... 
08-08-2016 17:06:01 1 INFO TC-Parser : sql queries at P:\xpranpa\CI_17A\CD\TOPOLOGY\Sql\create\topology_create_queries_20160808_170601101.sql
08-08-2016 17:07:02 1 INFO TC-Parser : Cleaning directory P:\xpranpa\CI_17A\CD\TOPOLOGY\Sql
08-08-2016 17:07:03 1 INFO TC-Parser : Directory P:\xpranpa\CI_17A\CD\TOPOLOGY\Sql\insert not exist, try to create.... 
08-08-2016 17:07:03 1 INFO TC-Parser : sql queries at P:\xpranpa\CI_17A\CD\TOPOLOGY\Sql\insert\topology_insert_queries_20160808_170703435.sql
08-08-2016 17:07:03 1 INFO TC-Parser : Directory P:\xpranpa\CI_17A\CD\TOPOLOGY\Sql\create not exist, try to create.... 
08-08-2016 17:07:03 1 INFO TC-Parser : sql queries at P:\xpranpa\CI_17A\CD\TOPOLOGY\Sql\create\topology_create_queries_20160808_170703480.sql
08-08-2016 17:08:38 1 INFO TC-Parser : Cleaning directory P:\xpranpa\CI_17A\CD\TOPOLOGY\Sql
08-08-2016 17:08:39 1 INFO TC-Parser : Directory P:\xpranpa\CI_17A\CD\TOPOLOGY\Sql\insert not exist, try to create.... 
08-08-2016 17:08:39 1 INFO TC-Parser : sql queries at P:\xpranpa\CI_17A\CD\TOPOLOGY\Sql\insert\topology_insert_queries_20160808_170839264.sql
08-08-2016 17:08:39 1 INFO TC-Parser : Directory P:\xpranpa\CI_17A\CD\TOPOLOGY\Sql\create not exist, try to create.... 
08-08-2016 17:08:39 1 INFO TC-Parser : sql queries at P:\xpranpa\CI_17A\CD\TOPOLOGY\Sql\create\topology_create_queries_20160808_170839319.sql
08-08-2016 17:12:51 1 INFO TC-Parser : Cleaning directory P:\xpranpa\CI_17A\CD\TOPOLOGY\Sql
08-08-2016 17:12:52 1 INFO TC-Parser : Directory P:\xpranpa\CI_17A\CD\TOPOLOGY\Sql\insert not exist, try to create.... 
08-08-2016 17:13:22 1 INFO TC-Parser : Cleaning directory P:\xpranpa\CI_17A\CD\TOPOLOGY\Sql
08-08-2016 17:13:22 1 INFO TC-Parser : Directory P:\xpranpa\CI_17A\CD\TOPOLOGY\Sql\insert not exist, try to create.... 
08-08-2016 17:13:22 1 INFO TC-Parser : sql queries at P:\xpranpa\CI_17A\CD\TOPOLOGY\Sql\insert\topology_insert_queries_20160808_171322556.sql
08-08-2016 17:13:22 1 INFO TC-Parser : Directory P:\xpranpa\CI_17A\CD\TOPOLOGY\Sql\create not exist, try to create.... 
08-08-2016 17:13:22 1 INFO TC-Parser : sql queries at P:\xpranpa\CI_17A\CD\TOPOLOGY\Sql\create\topology_create_queries_20160808_171322594.sql
08-08-2016 17:15:03 1 INFO TC-Parser : Cleaning directory P:\xpranpa\CI_17A\CD\TOPOLOGY\Sql
08-08-2016 17:15:04 1 INFO TC-Parser : Directory P:\xpranpa\CI_17A\CD\TOPOLOGY\Sql\insert not exist, try to create.... 
08-08-2016 17:15:04 1 INFO TC-Parser : sql queries at P:\xpranpa\CI_17A\CD\TOPOLOGY\Sql\insert\topology_insert_queries_20160808_171504200.sql
08-08-2016 17:15:04 1 INFO TC-Parser : Directory P:\xpranpa\CI_17A\CD\TOPOLOGY\Sql\create not exist, try to create.... 
08-08-2016 17:15:04 1 INFO TC-Parser : sql queries at P:\xpranpa\CI_17A\CD\TOPOLOGY\Sql\create\topology_create_queries_20160808_171504301.sql
08-08-2016 17:16:50 1 INFO TC-Parser : Cleaning directory P:\xpranpa\CI_17A\CD\TOPOLOGY\Sql
08-08-2016 17:16:51 1 INFO TC-Parser : Directory P:\xpranpa\CI_17A\CD\TOPOLOGY\Sql\insert not exist, try to create.... 
08-08-2016 17:16:51 1 INFO TC-Parser : sql queries at P:\xpranpa\CI_17A\CD\TOPOLOGY\Sql\insert\topology_insert_queries_20160808_171651347.sql
08-08-2016 17:16:51 1 INFO TC-Parser : Directory P:\xpranpa\CI_17A\CD\TOPOLOGY\Sql\create not exist, try to create.... 
08-08-2016 17:16:51 1 INFO TC-Parser : sql queries at P:\xpranpa\CI_17A\CD\TOPOLOGY\Sql\create\topology_create_queries_20160808_171651396.sql
08-08-2016 17:17:37 1 INFO TC-Parser : Cleaning directory P:\xpranpa\CI_17A\CD\TOPOLOGY\Sql
08-08-2016 17:17:38 1 INFO TC-Parser : Directory P:\xpranpa\CI_17A\CD\TOPOLOGY\Sql\insert not exist, try to create.... 
08-08-2016 17:17:38 1 INFO TC-Parser : sql queries at P:\xpranpa\CI_17A\CD\TOPOLOGY\Sql\insert\topology_insert_queries_20160808_171738368.sql
08-08-2016 17:17:38 1 INFO TC-Parser : Directory P:\xpranpa\CI_17A\CD\TOPOLOGY\Sql\create not exist, try to create.... 
08-08-2016 17:17:38 1 INFO TC-Parser : sql queries at P:\xpranpa\CI_17A\CD\TOPOLOGY\Sql\create\topology_create_queries_20160808_171738415.sql
