08-12-2016 16:19:25 1 INFO TC-Parser : Directory P:\xdeesaw\Titans\5_Aug\topology_files\Sql\insert not exist, try to create.... 
08-12-2016 16:19:26 1 INFO TC-Parser : sql queries at P:\xdeesaw\Titans\5_Aug\topology_files\Sql\insert\topology_insert_queries_20160812_161925860.sql
08-12-2016 16:19:26 1 INFO TC-Parser : sql queries at P:\xdeesaw\Titans\5_Aug\topology_files\Sql\insert\topology_insert_queries_20160812_161926204.sql
08-12-2016 16:19:26 1 INFO TC-Parser : sql queries at P:\xdeesaw\Titans\5_Aug\topology_files\Sql\insert\topology_insert_queries_20160812_161926295.sql
08-12-2016 16:19:26 1 INFO TC-Parser : sql queries at P:\xdeesaw\Titans\5_Aug\topology_files\Sql\insert\topology_insert_queries_20160812_161926408.sql
08-12-2016 16:19:26 1 INFO TC-Parser : sql queries at P:\xdeesaw\Titans\5_Aug\topology_files\Sql\insert\topology_insert_queries_20160812_161926493.sql
08-12-2016 16:19:26 1 INFO TC-Parser : sql queries at P:\xdeesaw\Titans\5_Aug\topology_files\Sql\insert\topology_insert_queries_20160812_161926556.sql
08-12-2016 16:19:26 1 INFO TC-Parser : sql queries at P:\xdeesaw\Titans\5_Aug\topology_files\Sql\insert\topology_insert_queries_20160812_161926619.sql
08-12-2016 16:19:26 1 INFO TC-Parser : sql queries at P:\xdeesaw\Titans\5_Aug\topology_files\Sql\insert\topology_insert_queries_20160812_161926688.sql
08-12-2016 16:19:26 1 INFO TC-Parser : sql queries at P:\xdeesaw\Titans\5_Aug\topology_files\Sql\insert\topology_insert_queries_20160812_161926742.sql
08-12-2016 16:19:26 1 INFO TC-Parser : sql queries at P:\xdeesaw\Titans\5_Aug\topology_files\Sql\insert\topology_insert_queries_20160812_161926800.sql
08-12-2016 16:19:26 1 INFO TC-Parser : sql queries at P:\xdeesaw\Titans\5_Aug\topology_files\Sql\insert\topology_insert_queries_20160812_161926906.sql
08-12-2016 16:19:27 1 INFO TC-Parser : sql queries at P:\xdeesaw\Titans\5_Aug\topology_files\Sql\insert\topology_insert_queries_20160812_161926990.sql
08-12-2016 16:19:27 1 INFO TC-Parser : sql queries at P:\xdeesaw\Titans\5_Aug\topology_files\Sql\insert\topology_insert_queries_20160812_161927098.sql
08-12-2016 16:19:27 1 INFO TC-Parser : sql queries at P:\xdeesaw\Titans\5_Aug\topology_files\Sql\insert\topology_insert_queries_20160812_161927139.sql
08-12-2016 16:19:27 1 INFO TC-Parser : sql queries at P:\xdeesaw\Titans\5_Aug\topology_files\Sql\insert\topology_insert_queries_20160812_161927180.sql
08-12-2016 16:19:27 1 INFO TC-Parser : sql queries at P:\xdeesaw\Titans\5_Aug\topology_files\Sql\insert\topology_insert_queries_20160812_161927211.sql
08-12-2016 16:19:27 1 INFO TC-Parser : sql queries at P:\xdeesaw\Titans\5_Aug\topology_files\Sql\insert\topology_insert_queries_20160812_161927257.sql
08-12-2016 16:19:27 1 INFO TC-Parser : sql queries at P:\xdeesaw\Titans\5_Aug\topology_files\Sql\insert\topology_insert_queries_20160812_161927281.sql
08-12-2016 16:19:27 1 INFO TC-Parser : sql queries at P:\xdeesaw\Titans\5_Aug\topology_files\Sql\insert\topology_insert_queries_20160812_161927339.sql
08-12-2016 16:19:27 1 INFO TC-Parser : sql queries at P:\xdeesaw\Titans\5_Aug\topology_files\Sql\insert\topology_insert_queries_20160812_161927399.sql
08-12-2016 16:19:27 1 INFO TC-Parser : sql queries at P:\xdeesaw\Titans\5_Aug\topology_files\Sql\insert\topology_insert_queries_20160812_161927436.sql
08-12-2016 16:19:27 1 INFO TC-Parser : sql queries at P:\xdeesaw\Titans\5_Aug\topology_files\Sql\insert\topology_insert_queries_20160812_161927470.sql
08-12-2016 16:19:27 1 INFO TC-Parser : Directory P:\xdeesaw\Titans\5_Aug\topology_files\Sql\create not exist, try to create.... 
08-12-2016 16:19:27 1 INFO TC-Parser : sql queries at P:\xdeesaw\Titans\5_Aug\topology_files\Sql\create\topology_create_queries_20160812_161927475.sql
08-12-2016 16:44:19 1 INFO TC-Parser : total zip file in P:\xdeesaw\Titans\5_Aug\  : 192
08-12-2016 16:45:23 1 INFO TC-Parser : total zip file in P:\xdeesaw\Titans\5_Aug\  : 192
08-12-2016 16:46:03 1 INFO TC-Parser : Total xml file is P:\xpranpa\GRIT_VTOC\VTOC\TC-Parser\unzipped\ : 66
08-12-2016 16:46:07 1 INFO TC-Parser : Directory P:\xdeesaw\Titans\5_Aug\Sql\insert not exist, try to create.... 
08-12-2016 16:46:07 1 INFO TC-Parser : sql queries at P:\xdeesaw\Titans\5_Aug\Sql\insert\counter_insert_queries_20160812_164607537.sql
08-12-2016 16:46:07 1 INFO TC-Parser : sql queries at P:\xdeesaw\Titans\5_Aug\Sql\insert\counter_insert_queries_20160812_164607580.sql
08-12-2016 16:46:07 1 INFO TC-Parser : sql queries at P:\xdeesaw\Titans\5_Aug\Sql\insert\counter_insert_queries_20160812_164607594.sql
08-12-2016 16:46:07 1 INFO TC-Parser : sql queries at P:\xdeesaw\Titans\5_Aug\Sql\insert\counter_insert_queries_20160812_164607610.sql
08-12-2016 16:46:07 1 INFO TC-Parser : sql queries at P:\xdeesaw\Titans\5_Aug\Sql\insert\counter_insert_queries_20160812_164607622.sql
08-12-2016 16:46:07 1 INFO TC-Parser : sql queries at P:\xdeesaw\Titans\5_Aug\Sql\insert\counter_insert_queries_20160812_164607628.sql
08-12-2016 16:46:07 1 INFO TC-Parser : sql queries at P:\xdeesaw\Titans\5_Aug\Sql\insert\counter_insert_queries_20160812_164607660.sql
08-12-2016 16:46:07 1 INFO TC-Parser : sql queries at P:\xdeesaw\Titans\5_Aug\Sql\insert\counter_insert_queries_20160812_164607670.sql
08-12-2016 16:46:07 1 INFO TC-Parser : sql queries at P:\xdeesaw\Titans\5_Aug\Sql\insert\counter_insert_queries_20160812_164607676.sql
08-12-2016 16:46:07 1 INFO TC-Parser : sql queries at P:\xdeesaw\Titans\5_Aug\Sql\insert\counter_insert_queries_20160812_164607681.sql
08-12-2016 16:46:07 1 INFO TC-Parser : sql queries at P:\xdeesaw\Titans\5_Aug\Sql\insert\counter_insert_queries_20160812_164607688.sql
08-12-2016 16:46:07 1 INFO TC-Parser : sql queries at P:\xdeesaw\Titans\5_Aug\Sql\insert\counter_insert_queries_20160812_164607693.sql
08-12-2016 16:46:07 1 INFO TC-Parser : sql queries at P:\xdeesaw\Titans\5_Aug\Sql\insert\counter_insert_queries_20160812_164607699.sql
08-12-2016 16:46:07 1 INFO TC-Parser : sql queries at P:\xdeesaw\Titans\5_Aug\Sql\insert\counter_insert_queries_20160812_164607704.sql
08-12-2016 16:46:07 1 INFO TC-Parser : sql queries at P:\xdeesaw\Titans\5_Aug\Sql\insert\counter_insert_queries_20160812_164607710.sql
08-12-2016 16:46:07 1 INFO TC-Parser : sql queries at P:\xdeesaw\Titans\5_Aug\Sql\insert\counter_insert_queries_20160812_164607717.sql
08-12-2016 16:46:07 1 INFO TC-Parser : sql queries at P:\xdeesaw\Titans\5_Aug\Sql\insert\counter_insert_queries_20160812_164607723.sql
08-12-2016 16:46:07 1 INFO TC-Parser : sql queries at P:\xdeesaw\Titans\5_Aug\Sql\insert\counter_insert_queries_20160812_164607729.sql
08-12-2016 16:46:07 1 INFO TC-Parser : sql queries at P:\xdeesaw\Titans\5_Aug\Sql\insert\counter_insert_queries_20160812_164607739.sql
08-12-2016 16:46:07 1 INFO TC-Parser : sql queries at P:\xdeesaw\Titans\5_Aug\Sql\insert\counter_insert_queries_20160812_164607744.sql
08-12-2016 16:46:07 1 INFO TC-Parser : sql queries at P:\xdeesaw\Titans\5_Aug\Sql\insert\counter_insert_queries_20160812_164607750.sql
08-12-2016 16:46:07 1 INFO TC-Parser : sql queries at P:\xdeesaw\Titans\5_Aug\Sql\insert\counter_insert_queries_20160812_164607755.sql
08-12-2016 16:46:07 1 INFO TC-Parser : sql queries at P:\xdeesaw\Titans\5_Aug\Sql\insert\counter_insert_queries_20160812_164607763.sql
08-12-2016 16:46:07 1 INFO TC-Parser : sql queries at P:\xdeesaw\Titans\5_Aug\Sql\insert\counter_insert_queries_20160812_164607770.sql
08-12-2016 16:46:07 1 INFO TC-Parser : sql queries at P:\xdeesaw\Titans\5_Aug\Sql\insert\counter_insert_queries_20160812_164607775.sql
08-12-2016 16:46:07 1 INFO TC-Parser : sql queries at P:\xdeesaw\Titans\5_Aug\Sql\insert\counter_insert_queries_20160812_164607783.sql
08-12-2016 16:46:07 1 INFO TC-Parser : sql queries at P:\xdeesaw\Titans\5_Aug\Sql\insert\counter_insert_queries_20160812_164607788.sql
08-12-2016 16:46:07 1 INFO TC-Parser : sql queries at P:\xdeesaw\Titans\5_Aug\Sql\insert\counter_insert_queries_20160812_164607794.sql
08-12-2016 16:46:07 1 INFO TC-Parser : sql queries at P:\xdeesaw\Titans\5_Aug\Sql\insert\counter_insert_queries_20160812_164607803.sql
08-12-2016 16:46:07 1 INFO TC-Parser : sql queries at P:\xdeesaw\Titans\5_Aug\Sql\insert\counter_insert_queries_20160812_164607814.sql
08-12-2016 16:46:07 1 INFO TC-Parser : sql queries at P:\xdeesaw\Titans\5_Aug\Sql\insert\counter_insert_queries_20160812_164607823.sql
08-12-2016 16:46:07 1 INFO TC-Parser : sql queries at P:\xdeesaw\Titans\5_Aug\Sql\insert\counter_insert_queries_20160812_164607842.sql
08-12-2016 16:46:07 1 INFO TC-Parser : sql queries at P:\xdeesaw\Titans\5_Aug\Sql\insert\counter_insert_queries_20160812_164607852.sql
08-12-2016 16:46:07 1 INFO TC-Parser : sql queries at P:\xdeesaw\Titans\5_Aug\Sql\insert\counter_insert_queries_20160812_164607859.sql
08-12-2016 16:46:07 1 INFO TC-Parser : sql queries at P:\xdeesaw\Titans\5_Aug\Sql\insert\counter_insert_queries_20160812_164607865.sql
08-12-2016 16:46:07 1 INFO TC-Parser : sql queries at P:\xdeesaw\Titans\5_Aug\Sql\insert\counter_insert_queries_20160812_164607871.sql
08-12-2016 16:46:07 1 INFO TC-Parser : sql queries at P:\xdeesaw\Titans\5_Aug\Sql\insert\counter_insert_queries_20160812_164607884.sql
08-12-2016 16:46:07 1 INFO TC-Parser : sql queries at P:\xdeesaw\Titans\5_Aug\Sql\insert\counter_insert_queries_20160812_164607893.sql
08-12-2016 16:46:07 1 INFO TC-Parser : sql queries at P:\xdeesaw\Titans\5_Aug\Sql\insert\counter_insert_queries_20160812_164607899.sql
08-12-2016 16:46:07 1 INFO TC-Parser : sql queries at P:\xdeesaw\Titans\5_Aug\Sql\insert\counter_insert_queries_20160812_164607905.sql
08-12-2016 16:46:07 1 INFO TC-Parser : sql queries at P:\xdeesaw\Titans\5_Aug\Sql\insert\counter_insert_queries_20160812_164607911.sql
08-12-2016 16:46:07 1 INFO TC-Parser : sql queries at P:\xdeesaw\Titans\5_Aug\Sql\insert\counter_insert_queries_20160812_164607930.sql
08-12-2016 16:46:07 1 INFO TC-Parser : sql queries at P:\xdeesaw\Titans\5_Aug\Sql\insert\counter_insert_queries_20160812_164607949.sql
08-12-2016 16:46:07 1 INFO TC-Parser : sql queries at P:\xdeesaw\Titans\5_Aug\Sql\insert\counter_insert_queries_20160812_164607962.sql
08-12-2016 16:46:07 1 INFO TC-Parser : sql queries at P:\xdeesaw\Titans\5_Aug\Sql\insert\counter_insert_queries_20160812_164607970.sql
08-12-2016 16:46:07 1 INFO TC-Parser : sql queries at P:\xdeesaw\Titans\5_Aug\Sql\insert\counter_insert_queries_20160812_164607990.sql
08-12-2016 16:46:08 1 INFO TC-Parser : sql queries at P:\xdeesaw\Titans\5_Aug\Sql\insert\counter_insert_queries_20160812_164607999.sql
08-12-2016 16:46:08 1 INFO TC-Parser : sql queries at P:\xdeesaw\Titans\5_Aug\Sql\insert\counter_insert_queries_20160812_164608006.sql
08-12-2016 16:46:08 1 INFO TC-Parser : sql queries at P:\xdeesaw\Titans\5_Aug\Sql\insert\counter_insert_queries_20160812_164608013.sql
08-12-2016 16:46:08 1 INFO TC-Parser : sql queries at P:\xdeesaw\Titans\5_Aug\Sql\insert\counter_insert_queries_20160812_164608021.sql
08-12-2016 16:46:08 1 INFO TC-Parser : sql queries at P:\xdeesaw\Titans\5_Aug\Sql\insert\counter_insert_queries_20160812_164608030.sql
08-12-2016 16:46:08 1 INFO TC-Parser : sql queries at P:\xdeesaw\Titans\5_Aug\Sql\insert\counter_insert_queries_20160812_164608039.sql
08-12-2016 16:46:08 1 INFO TC-Parser : sql queries at P:\xdeesaw\Titans\5_Aug\Sql\insert\counter_insert_queries_20160812_164608046.sql
08-12-2016 16:46:08 1 INFO TC-Parser : sql queries at P:\xdeesaw\Titans\5_Aug\Sql\insert\counter_insert_queries_20160812_164608056.sql
08-12-2016 16:46:08 1 INFO TC-Parser : sql queries at P:\xdeesaw\Titans\5_Aug\Sql\insert\counter_insert_queries_20160812_164608083.sql
08-12-2016 16:46:08 1 INFO TC-Parser : sql queries at P:\xdeesaw\Titans\5_Aug\Sql\insert\counter_insert_queries_20160812_164608098.sql
08-12-2016 16:46:08 1 INFO TC-Parser : sql queries at P:\xdeesaw\Titans\5_Aug\Sql\insert\counter_insert_queries_20160812_164608105.sql
08-12-2016 16:46:08 1 INFO TC-Parser : sql queries at P:\xdeesaw\Titans\5_Aug\Sql\insert\counter_insert_queries_20160812_164608119.sql
08-12-2016 16:46:08 1 INFO TC-Parser : sql queries at P:\xdeesaw\Titans\5_Aug\Sql\insert\counter_insert_queries_20160812_164608127.sql
08-12-2016 16:46:08 1 INFO TC-Parser : sql queries at P:\xdeesaw\Titans\5_Aug\Sql\insert\counter_insert_queries_20160812_164608134.sql
08-12-2016 16:46:08 1 INFO TC-Parser : sql queries at P:\xdeesaw\Titans\5_Aug\Sql\insert\counter_insert_queries_20160812_164608141.sql
08-12-2016 16:46:08 1 INFO TC-Parser : sql queries at P:\xdeesaw\Titans\5_Aug\Sql\insert\counter_insert_queries_20160812_164608149.sql
08-12-2016 16:46:08 1 INFO TC-Parser : sql queries at P:\xdeesaw\Titans\5_Aug\Sql\insert\counter_insert_queries_20160812_164608155.sql
08-12-2016 16:46:08 1 INFO TC-Parser : sql queries at P:\xdeesaw\Titans\5_Aug\Sql\insert\counter_insert_queries_20160812_164608162.sql
08-12-2016 16:46:08 1 INFO TC-Parser : sql queries at P:\xdeesaw\Titans\5_Aug\Sql\insert\counter_insert_queries_20160812_164608168.sql
08-12-2016 16:46:08 1 INFO TC-Parser : sql queries at P:\xdeesaw\Titans\5_Aug\Sql\insert\counter_insert_queries_20160812_164608174.sql
08-12-2016 16:46:08 1 INFO TC-Parser : Directory P:\xdeesaw\Titans\5_Aug\Sql\create not exist, try to create.... 
08-12-2016 16:46:08 1 INFO TC-Parser : sql queries at P:\xdeesaw\Titans\5_Aug\Sql\create\counter_create_queries_20160812_164608180.sql
08-12-2016 16:47:59 1 INFO TC-Parser : Cleaning directory P:\xdeesaw\Titans\5_Aug\Sql
08-12-2016 16:48:14 1 INFO TC-Parser : total zip file in P:\xdeesaw\Titans\5_Aug\  : 192
08-12-2016 16:49:39 1 INFO TC-Parser : total zip file in P:\xdeesaw\Titans\5_Aug\  : 192
08-12-2016 16:50:19 1 INFO TC-Parser : Total xml file is P:\xpranpa\GRIT_VTOC\VTOC\TC-Parser\unzipped\ : 66
08-12-2016 16:50:23 1 INFO TC-Parser : Directory P:\xdeesaw\Titans\5_Aug\Sql\insert not exist, try to create.... 
08-12-2016 16:50:23 1 INFO TC-Parser : sql queries at P:\xdeesaw\Titans\5_Aug\Sql\insert\counter_insert_queries_20160812_165023572.sql
08-12-2016 16:50:23 1 INFO TC-Parser : sql queries at P:\xdeesaw\Titans\5_Aug\Sql\insert\counter_insert_queries_20160812_165023615.sql
08-12-2016 16:50:23 1 INFO TC-Parser : sql queries at P:\xdeesaw\Titans\5_Aug\Sql\insert\counter_insert_queries_20160812_165023625.sql
08-12-2016 16:50:23 1 INFO TC-Parser : sql queries at P:\xdeesaw\Titans\5_Aug\Sql\insert\counter_insert_queries_20160812_165023634.sql
08-12-2016 16:50:23 1 INFO TC-Parser : sql queries at P:\xdeesaw\Titans\5_Aug\Sql\insert\counter_insert_queries_20160812_165023643.sql
08-12-2016 16:50:23 1 INFO TC-Parser : sql queries at P:\xdeesaw\Titans\5_Aug\Sql\insert\counter_insert_queries_20160812_165023650.sql
08-12-2016 16:50:23 1 INFO TC-Parser : sql queries at P:\xdeesaw\Titans\5_Aug\Sql\insert\counter_insert_queries_20160812_165023658.sql
08-12-2016 16:50:23 1 INFO TC-Parser : sql queries at P:\xdeesaw\Titans\5_Aug\Sql\insert\counter_insert_queries_20160812_165023667.sql
08-12-2016 16:50:23 1 INFO TC-Parser : sql queries at P:\xdeesaw\Titans\5_Aug\Sql\insert\counter_insert_queries_20160812_165023674.sql
08-12-2016 16:50:23 1 INFO TC-Parser : sql queries at P:\xdeesaw\Titans\5_Aug\Sql\insert\counter_insert_queries_20160812_165023680.sql
08-12-2016 16:50:23 1 INFO TC-Parser : sql queries at P:\xdeesaw\Titans\5_Aug\Sql\insert\counter_insert_queries_20160812_165023688.sql
08-12-2016 16:50:23 1 INFO TC-Parser : sql queries at P:\xdeesaw\Titans\5_Aug\Sql\insert\counter_insert_queries_20160812_165023695.sql
08-12-2016 16:50:23 1 INFO TC-Parser : sql queries at P:\xdeesaw\Titans\5_Aug\Sql\insert\counter_insert_queries_20160812_165023702.sql
08-12-2016 16:50:23 1 INFO TC-Parser : sql queries at P:\xdeesaw\Titans\5_Aug\Sql\insert\counter_insert_queries_20160812_165023708.sql
08-12-2016 16:50:23 1 INFO TC-Parser : sql queries at P:\xdeesaw\Titans\5_Aug\Sql\insert\counter_insert_queries_20160812_165023714.sql
08-12-2016 16:50:23 1 INFO TC-Parser : sql queries at P:\xdeesaw\Titans\5_Aug\Sql\insert\counter_insert_queries_20160812_165023723.sql
08-12-2016 16:50:23 1 INFO TC-Parser : sql queries at P:\xdeesaw\Titans\5_Aug\Sql\insert\counter_insert_queries_20160812_165023733.sql
08-12-2016 16:50:23 1 INFO TC-Parser : sql queries at P:\xdeesaw\Titans\5_Aug\Sql\insert\counter_insert_queries_20160812_165023740.sql
08-12-2016 16:50:23 1 INFO TC-Parser : sql queries at P:\xdeesaw\Titans\5_Aug\Sql\insert\counter_insert_queries_20160812_165023750.sql
08-12-2016 16:50:23 1 INFO TC-Parser : sql queries at P:\xdeesaw\Titans\5_Aug\Sql\insert\counter_insert_queries_20160812_165023755.sql
08-12-2016 16:50:23 1 INFO TC-Parser : sql queries at P:\xdeesaw\Titans\5_Aug\Sql\insert\counter_insert_queries_20160812_165023760.sql
08-12-2016 16:50:23 1 INFO TC-Parser : sql queries at P:\xdeesaw\Titans\5_Aug\Sql\insert\counter_insert_queries_20160812_165023766.sql
08-12-2016 16:50:23 1 INFO TC-Parser : sql queries at P:\xdeesaw\Titans\5_Aug\Sql\insert\counter_insert_queries_20160812_165023773.sql
08-12-2016 16:50:23 1 INFO TC-Parser : sql queries at P:\xdeesaw\Titans\5_Aug\Sql\insert\counter_insert_queries_20160812_165023779.sql
08-12-2016 16:50:23 1 INFO TC-Parser : sql queries at P:\xdeesaw\Titans\5_Aug\Sql\insert\counter_insert_queries_20160812_165023784.sql
08-12-2016 16:50:23 1 INFO TC-Parser : sql queries at P:\xdeesaw\Titans\5_Aug\Sql\insert\counter_insert_queries_20160812_165023792.sql
08-12-2016 16:50:23 1 INFO TC-Parser : sql queries at P:\xdeesaw\Titans\5_Aug\Sql\insert\counter_insert_queries_20160812_165023798.sql
08-12-2016 16:50:23 1 INFO TC-Parser : sql queries at P:\xdeesaw\Titans\5_Aug\Sql\insert\counter_insert_queries_20160812_165023803.sql
08-12-2016 16:50:23 1 INFO TC-Parser : sql queries at P:\xdeesaw\Titans\5_Aug\Sql\insert\counter_insert_queries_20160812_165023812.sql
08-12-2016 16:50:23 1 INFO TC-Parser : sql queries at P:\xdeesaw\Titans\5_Aug\Sql\insert\counter_insert_queries_20160812_165023819.sql
08-12-2016 16:50:23 1 INFO TC-Parser : sql queries at P:\xdeesaw\Titans\5_Aug\Sql\insert\counter_insert_queries_20160812_165023826.sql
08-12-2016 16:50:23 1 INFO TC-Parser : sql queries at P:\xdeesaw\Titans\5_Aug\Sql\insert\counter_insert_queries_20160812_165023832.sql
08-12-2016 16:50:23 1 INFO TC-Parser : sql queries at P:\xdeesaw\Titans\5_Aug\Sql\insert\counter_insert_queries_20160812_165023838.sql
08-12-2016 16:50:23 1 INFO TC-Parser : sql queries at P:\xdeesaw\Titans\5_Aug\Sql\insert\counter_insert_queries_20160812_165023844.sql
08-12-2016 16:50:23 1 INFO TC-Parser : sql queries at P:\xdeesaw\Titans\5_Aug\Sql\insert\counter_insert_queries_20160812_165023850.sql
08-12-2016 16:50:23 1 INFO TC-Parser : sql queries at P:\xdeesaw\Titans\5_Aug\Sql\insert\counter_insert_queries_20160812_165023856.sql
08-12-2016 16:50:23 1 INFO TC-Parser : sql queries at P:\xdeesaw\Titans\5_Aug\Sql\insert\counter_insert_queries_20160812_165023863.sql
08-12-2016 16:50:23 1 INFO TC-Parser : sql queries at P:\xdeesaw\Titans\5_Aug\Sql\insert\counter_insert_queries_20160812_165023868.sql
08-12-2016 16:50:23 1 INFO TC-Parser : sql queries at P:\xdeesaw\Titans\5_Aug\Sql\insert\counter_insert_queries_20160812_165023874.sql
08-12-2016 16:50:23 1 INFO TC-Parser : sql queries at P:\xdeesaw\Titans\5_Aug\Sql\insert\counter_insert_queries_20160812_165023879.sql
08-12-2016 16:50:23 1 INFO TC-Parser : sql queries at P:\xdeesaw\Titans\5_Aug\Sql\insert\counter_insert_queries_20160812_165023886.sql
08-12-2016 16:50:23 1 INFO TC-Parser : sql queries at P:\xdeesaw\Titans\5_Aug\Sql\insert\counter_insert_queries_20160812_165023892.sql
08-12-2016 16:50:23 1 INFO TC-Parser : sql queries at P:\xdeesaw\Titans\5_Aug\Sql\insert\counter_insert_queries_20160812_165023898.sql
08-12-2016 16:50:23 1 INFO TC-Parser : sql queries at P:\xdeesaw\Titans\5_Aug\Sql\insert\counter_insert_queries_20160812_165023906.sql
08-12-2016 16:50:23 1 INFO TC-Parser : sql queries at P:\xdeesaw\Titans\5_Aug\Sql\insert\counter_insert_queries_20160812_165023911.sql
08-12-2016 16:50:23 1 INFO TC-Parser : sql queries at P:\xdeesaw\Titans\5_Aug\Sql\insert\counter_insert_queries_20160812_165023918.sql
08-12-2016 16:50:23 1 INFO TC-Parser : sql queries at P:\xdeesaw\Titans\5_Aug\Sql\insert\counter_insert_queries_20160812_165023926.sql
08-12-2016 16:50:23 1 INFO TC-Parser : sql queries at P:\xdeesaw\Titans\5_Aug\Sql\insert\counter_insert_queries_20160812_165023931.sql
08-12-2016 16:50:23 1 INFO TC-Parser : sql queries at P:\xdeesaw\Titans\5_Aug\Sql\insert\counter_insert_queries_20160812_165023936.sql
08-12-2016 16:50:23 1 INFO TC-Parser : sql queries at P:\xdeesaw\Titans\5_Aug\Sql\insert\counter_insert_queries_20160812_165023941.sql
08-12-2016 16:50:23 1 INFO TC-Parser : sql queries at P:\xdeesaw\Titans\5_Aug\Sql\insert\counter_insert_queries_20160812_165023950.sql
08-12-2016 16:50:23 1 INFO TC-Parser : sql queries at P:\xdeesaw\Titans\5_Aug\Sql\insert\counter_insert_queries_20160812_165023963.sql
08-12-2016 16:50:23 1 INFO TC-Parser : sql queries at P:\xdeesaw\Titans\5_Aug\Sql\insert\counter_insert_queries_20160812_165023971.sql
08-12-2016 16:50:23 1 INFO TC-Parser : sql queries at P:\xdeesaw\Titans\5_Aug\Sql\insert\counter_insert_queries_20160812_165023979.sql
08-12-2016 16:50:23 1 INFO TC-Parser : sql queries at P:\xdeesaw\Titans\5_Aug\Sql\insert\counter_insert_queries_20160812_165023985.sql
08-12-2016 16:50:23 1 INFO TC-Parser : sql queries at P:\xdeesaw\Titans\5_Aug\Sql\insert\counter_insert_queries_20160812_165023992.sql
08-12-2016 16:50:24 1 INFO TC-Parser : sql queries at P:\xdeesaw\Titans\5_Aug\Sql\insert\counter_insert_queries_20160812_165023998.sql
08-12-2016 16:50:24 1 INFO TC-Parser : sql queries at P:\xdeesaw\Titans\5_Aug\Sql\insert\counter_insert_queries_20160812_165024006.sql
08-12-2016 16:50:24 1 INFO TC-Parser : sql queries at P:\xdeesaw\Titans\5_Aug\Sql\insert\counter_insert_queries_20160812_165024012.sql
08-12-2016 16:50:24 1 INFO TC-Parser : sql queries at P:\xdeesaw\Titans\5_Aug\Sql\insert\counter_insert_queries_20160812_165024018.sql
08-12-2016 16:50:24 1 INFO TC-Parser : sql queries at P:\xdeesaw\Titans\5_Aug\Sql\insert\counter_insert_queries_20160812_165024025.sql
08-12-2016 16:50:24 1 INFO TC-Parser : sql queries at P:\xdeesaw\Titans\5_Aug\Sql\insert\counter_insert_queries_20160812_165024035.sql
08-12-2016 16:50:24 1 INFO TC-Parser : sql queries at P:\xdeesaw\Titans\5_Aug\Sql\insert\counter_insert_queries_20160812_165024041.sql
08-12-2016 16:50:24 1 INFO TC-Parser : sql queries at P:\xdeesaw\Titans\5_Aug\Sql\insert\counter_insert_queries_20160812_165024047.sql
08-12-2016 16:50:24 1 INFO TC-Parser : sql queries at P:\xdeesaw\Titans\5_Aug\Sql\insert\counter_insert_queries_20160812_165024052.sql
08-12-2016 16:50:24 1 INFO TC-Parser : sql queries at P:\xdeesaw\Titans\5_Aug\Sql\insert\counter_insert_queries_20160812_165024059.sql
08-12-2016 16:50:24 1 INFO TC-Parser : Directory P:\xdeesaw\Titans\5_Aug\Sql\create not exist, try to create.... 
08-12-2016 16:50:24 1 INFO TC-Parser : sql queries at P:\xdeesaw\Titans\5_Aug\Sql\create\counter_create_queries_20160812_165024067.sql
08-12-2016 16:58:54 1 INFO TC-Parser : total zip file in P:\\xpranpa\\VTOC_bk\\COUNTER\  : 1
08-12-2016 16:58:55 1 INFO TC-Parser : Total xml file is P:\xpranpa\GRIT_VTOC\VTOC\TC-Parser\unzipped\ : 66
08-12-2016 16:58:58 1 INFO TC-Parser : Directory P:\\xpranpa\\VTOC_bk\\COUNTER\Sql\insert not exist, try to create.... 
08-12-2016 16:58:58 1 INFO TC-Parser : sql queries at P:\\xpranpa\\VTOC_bk\\COUNTER\Sql\insert\counter_insert_queries_20160812_165858328.sql
08-12-2016 16:58:58 1 INFO TC-Parser : sql queries at P:\\xpranpa\\VTOC_bk\\COUNTER\Sql\insert\counter_insert_queries_20160812_165858408.sql
08-12-2016 16:58:58 1 INFO TC-Parser : sql queries at P:\\xpranpa\\VTOC_bk\\COUNTER\Sql\insert\counter_insert_queries_20160812_165858437.sql
08-12-2016 16:58:58 1 INFO TC-Parser : sql queries at P:\\xpranpa\\VTOC_bk\\COUNTER\Sql\insert\counter_insert_queries_20160812_165858464.sql
08-12-2016 16:58:58 1 INFO TC-Parser : sql queries at P:\\xpranpa\\VTOC_bk\\COUNTER\Sql\insert\counter_insert_queries_20160812_165858498.sql
08-12-2016 16:58:58 1 INFO TC-Parser : sql queries at P:\\xpranpa\\VTOC_bk\\COUNTER\Sql\insert\counter_insert_queries_20160812_165858538.sql
08-12-2016 16:58:58 1 INFO TC-Parser : sql queries at P:\\xpranpa\\VTOC_bk\\COUNTER\Sql\insert\counter_insert_queries_20160812_165858566.sql
08-12-2016 16:58:58 1 INFO TC-Parser : sql queries at P:\\xpranpa\\VTOC_bk\\COUNTER\Sql\insert\counter_insert_queries_20160812_165858606.sql
08-12-2016 16:58:58 1 INFO TC-Parser : sql queries at P:\\xpranpa\\VTOC_bk\\COUNTER\Sql\insert\counter_insert_queries_20160812_165858634.sql
08-12-2016 16:58:58 1 INFO TC-Parser : sql queries at P:\\xpranpa\\VTOC_bk\\COUNTER\Sql\insert\counter_insert_queries_20160812_165858660.sql
08-12-2016 16:58:58 1 INFO TC-Parser : sql queries at P:\\xpranpa\\VTOC_bk\\COUNTER\Sql\insert\counter_insert_queries_20160812_165858689.sql
08-12-2016 16:58:58 1 INFO TC-Parser : sql queries at P:\\xpranpa\\VTOC_bk\\COUNTER\Sql\insert\counter_insert_queries_20160812_165858714.sql
08-12-2016 16:58:58 1 INFO TC-Parser : sql queries at P:\\xpranpa\\VTOC_bk\\COUNTER\Sql\insert\counter_insert_queries_20160812_165858739.sql
08-12-2016 16:58:58 1 INFO TC-Parser : sql queries at P:\\xpranpa\\VTOC_bk\\COUNTER\Sql\insert\counter_insert_queries_20160812_165858763.sql
08-12-2016 16:58:58 1 INFO TC-Parser : sql queries at P:\\xpranpa\\VTOC_bk\\COUNTER\Sql\insert\counter_insert_queries_20160812_165858796.sql
08-12-2016 16:58:58 1 INFO TC-Parser : sql queries at P:\\xpranpa\\VTOC_bk\\COUNTER\Sql\insert\counter_insert_queries_20160812_165858821.sql
08-12-2016 16:58:58 1 INFO TC-Parser : sql queries at P:\\xpranpa\\VTOC_bk\\COUNTER\Sql\insert\counter_insert_queries_20160812_165858841.sql
08-12-2016 16:58:58 1 INFO TC-Parser : sql queries at P:\\xpranpa\\VTOC_bk\\COUNTER\Sql\insert\counter_insert_queries_20160812_165858863.sql
08-12-2016 16:58:58 1 INFO TC-Parser : sql queries at P:\\xpranpa\\VTOC_bk\\COUNTER\Sql\insert\counter_insert_queries_20160812_165858890.sql
08-12-2016 16:58:58 1 INFO TC-Parser : sql queries at P:\\xpranpa\\VTOC_bk\\COUNTER\Sql\insert\counter_insert_queries_20160812_165858916.sql
08-12-2016 16:58:58 1 INFO TC-Parser : sql queries at P:\\xpranpa\\VTOC_bk\\COUNTER\Sql\insert\counter_insert_queries_20160812_165858941.sql
08-12-2016 16:58:58 1 INFO TC-Parser : sql queries at P:\\xpranpa\\VTOC_bk\\COUNTER\Sql\insert\counter_insert_queries_20160812_165858963.sql
08-12-2016 16:58:59 1 INFO TC-Parser : sql queries at P:\\xpranpa\\VTOC_bk\\COUNTER\Sql\insert\counter_insert_queries_20160812_165859000.sql
08-12-2016 16:58:59 1 INFO TC-Parser : sql queries at P:\\xpranpa\\VTOC_bk\\COUNTER\Sql\insert\counter_insert_queries_20160812_165859033.sql
08-12-2016 16:58:59 1 INFO TC-Parser : sql queries at P:\\xpranpa\\VTOC_bk\\COUNTER\Sql\insert\counter_insert_queries_20160812_165859068.sql
08-12-2016 16:58:59 1 INFO TC-Parser : sql queries at P:\\xpranpa\\VTOC_bk\\COUNTER\Sql\insert\counter_insert_queries_20160812_165859104.sql
08-12-2016 16:58:59 1 INFO TC-Parser : sql queries at P:\\xpranpa\\VTOC_bk\\COUNTER\Sql\insert\counter_insert_queries_20160812_165859131.sql
08-12-2016 16:58:59 1 INFO TC-Parser : sql queries at P:\\xpranpa\\VTOC_bk\\COUNTER\Sql\insert\counter_insert_queries_20160812_165859172.sql
08-12-2016 16:58:59 1 INFO TC-Parser : sql queries at P:\\xpranpa\\VTOC_bk\\COUNTER\Sql\insert\counter_insert_queries_20160812_165859203.sql
08-12-2016 16:58:59 1 INFO TC-Parser : sql queries at P:\\xpranpa\\VTOC_bk\\COUNTER\Sql\insert\counter_insert_queries_20160812_165859239.sql
08-12-2016 16:58:59 1 INFO TC-Parser : sql queries at P:\\xpranpa\\VTOC_bk\\COUNTER\Sql\insert\counter_insert_queries_20160812_165859260.sql
08-12-2016 16:58:59 1 INFO TC-Parser : sql queries at P:\\xpranpa\\VTOC_bk\\COUNTER\Sql\insert\counter_insert_queries_20160812_165859287.sql
08-12-2016 16:58:59 1 INFO TC-Parser : sql queries at P:\\xpranpa\\VTOC_bk\\COUNTER\Sql\insert\counter_insert_queries_20160812_165859315.sql
08-12-2016 16:58:59 1 INFO TC-Parser : sql queries at P:\\xpranpa\\VTOC_bk\\COUNTER\Sql\insert\counter_insert_queries_20160812_165859347.sql
08-12-2016 16:58:59 1 INFO TC-Parser : sql queries at P:\\xpranpa\\VTOC_bk\\COUNTER\Sql\insert\counter_insert_queries_20160812_165859383.sql
08-12-2016 16:58:59 1 INFO TC-Parser : sql queries at P:\\xpranpa\\VTOC_bk\\COUNTER\Sql\insert\counter_insert_queries_20160812_165859411.sql
08-12-2016 16:58:59 1 INFO TC-Parser : sql queries at P:\\xpranpa\\VTOC_bk\\COUNTER\Sql\insert\counter_insert_queries_20160812_165859455.sql
08-12-2016 16:58:59 1 INFO TC-Parser : sql queries at P:\\xpranpa\\VTOC_bk\\COUNTER\Sql\insert\counter_insert_queries_20160812_165859480.sql
08-12-2016 16:58:59 1 INFO TC-Parser : sql queries at P:\\xpranpa\\VTOC_bk\\COUNTER\Sql\insert\counter_insert_queries_20160812_165859512.sql
08-12-2016 16:58:59 1 INFO TC-Parser : sql queries at P:\\xpranpa\\VTOC_bk\\COUNTER\Sql\insert\counter_insert_queries_20160812_165859541.sql
08-12-2016 16:58:59 1 INFO TC-Parser : sql queries at P:\\xpranpa\\VTOC_bk\\COUNTER\Sql\insert\counter_insert_queries_20160812_165859572.sql
08-12-2016 16:58:59 1 INFO TC-Parser : sql queries at P:\\xpranpa\\VTOC_bk\\COUNTER\Sql\insert\counter_insert_queries_20160812_165859599.sql
08-12-2016 16:58:59 1 INFO TC-Parser : sql queries at P:\\xpranpa\\VTOC_bk\\COUNTER\Sql\insert\counter_insert_queries_20160812_165859626.sql
08-12-2016 16:58:59 1 INFO TC-Parser : sql queries at P:\\xpranpa\\VTOC_bk\\COUNTER\Sql\insert\counter_insert_queries_20160812_165859662.sql
08-12-2016 16:58:59 1 INFO TC-Parser : sql queries at P:\\xpranpa\\VTOC_bk\\COUNTER\Sql\insert\counter_insert_queries_20160812_165859690.sql
08-12-2016 16:58:59 1 INFO TC-Parser : sql queries at P:\\xpranpa\\VTOC_bk\\COUNTER\Sql\insert\counter_insert_queries_20160812_165859733.sql
08-12-2016 16:58:59 1 INFO TC-Parser : sql queries at P:\\xpranpa\\VTOC_bk\\COUNTER\Sql\insert\counter_insert_queries_20160812_165859759.sql
08-12-2016 16:58:59 1 INFO TC-Parser : sql queries at P:\\xpranpa\\VTOC_bk\\COUNTER\Sql\insert\counter_insert_queries_20160812_165859784.sql
08-12-2016 16:58:59 1 INFO TC-Parser : sql queries at P:\\xpranpa\\VTOC_bk\\COUNTER\Sql\insert\counter_insert_queries_20160812_165859816.sql
08-12-2016 16:58:59 1 INFO TC-Parser : sql queries at P:\\xpranpa\\VTOC_bk\\COUNTER\Sql\insert\counter_insert_queries_20160812_165859841.sql
08-12-2016 16:58:59 1 INFO TC-Parser : sql queries at P:\\xpranpa\\VTOC_bk\\COUNTER\Sql\insert\counter_insert_queries_20160812_165859880.sql
08-12-2016 16:58:59 1 INFO TC-Parser : sql queries at P:\\xpranpa\\VTOC_bk\\COUNTER\Sql\insert\counter_insert_queries_20160812_165859903.sql
08-12-2016 16:58:59 1 INFO TC-Parser : sql queries at P:\\xpranpa\\VTOC_bk\\COUNTER\Sql\insert\counter_insert_queries_20160812_165859934.sql
08-12-2016 16:58:59 1 INFO TC-Parser : sql queries at P:\\xpranpa\\VTOC_bk\\COUNTER\Sql\insert\counter_insert_queries_20160812_165859960.sql
08-12-2016 16:59:00 1 INFO TC-Parser : sql queries at P:\\xpranpa\\VTOC_bk\\COUNTER\Sql\insert\counter_insert_queries_20160812_165859985.sql
08-12-2016 16:59:00 1 INFO TC-Parser : sql queries at P:\\xpranpa\\VTOC_bk\\COUNTER\Sql\insert\counter_insert_queries_20160812_165900032.sql
08-12-2016 16:59:00 1 INFO TC-Parser : sql queries at P:\\xpranpa\\VTOC_bk\\COUNTER\Sql\insert\counter_insert_queries_20160812_165900054.sql
08-12-2016 16:59:00 1 INFO TC-Parser : sql queries at P:\\xpranpa\\VTOC_bk\\COUNTER\Sql\insert\counter_insert_queries_20160812_165900103.sql
08-12-2016 16:59:00 1 INFO TC-Parser : sql queries at P:\\xpranpa\\VTOC_bk\\COUNTER\Sql\insert\counter_insert_queries_20160812_165900130.sql
08-12-2016 16:59:00 1 INFO TC-Parser : sql queries at P:\\xpranpa\\VTOC_bk\\COUNTER\Sql\insert\counter_insert_queries_20160812_165900155.sql
08-12-2016 16:59:00 1 INFO TC-Parser : sql queries at P:\\xpranpa\\VTOC_bk\\COUNTER\Sql\insert\counter_insert_queries_20160812_165900188.sql
08-12-2016 16:59:00 1 INFO TC-Parser : sql queries at P:\\xpranpa\\VTOC_bk\\COUNTER\Sql\insert\counter_insert_queries_20160812_165900208.sql
08-12-2016 16:59:00 1 INFO TC-Parser : sql queries at P:\\xpranpa\\VTOC_bk\\COUNTER\Sql\insert\counter_insert_queries_20160812_165900237.sql
08-12-2016 16:59:00 1 INFO TC-Parser : sql queries at P:\\xpranpa\\VTOC_bk\\COUNTER\Sql\insert\counter_insert_queries_20160812_165900260.sql
08-12-2016 16:59:00 1 INFO TC-Parser : sql queries at P:\\xpranpa\\VTOC_bk\\COUNTER\Sql\insert\counter_insert_queries_20160812_165900285.sql
08-12-2016 16:59:00 1 INFO TC-Parser : sql queries at P:\\xpranpa\\VTOC_bk\\COUNTER\Sql\insert\counter_insert_queries_20160812_165900315.sql
08-12-2016 16:59:00 1 INFO TC-Parser : Directory P:\\xpranpa\\VTOC_bk\\COUNTER\Sql\create not exist, try to create.... 
08-12-2016 16:59:00 1 INFO TC-Parser : sql queries at P:\\xpranpa\\VTOC_bk\\COUNTER\Sql\create\counter_create_queries_20160812_165900339.sql
08-12-2016 17:00:01 1 INFO TC-Parser : Cleaning directory P:\\xpranpa\\VTOC_bk\\COUNTER\Sql
08-12-2016 17:00:02 1 INFO TC-Parser : total zip file in P:\\xpranpa\\VTOC_bk\\COUNTER\  : 1
08-12-2016 17:00:02 1 INFO TC-Parser : Total xml file is P:\xpranpa\GRIT_VTOC\VTOC\TC-Parser\unzipped\ : 1
08-12-2016 17:00:03 1 INFO TC-Parser : Directory P:\\xpranpa\\VTOC_bk\\COUNTER\Sql\insert not exist, try to create.... 
08-12-2016 17:00:03 1 INFO TC-Parser : sql queries at P:\\xpranpa\\VTOC_bk\\COUNTER\Sql\insert\counter_insert_queries_20160812_170003342.sql
08-12-2016 17:00:03 1 INFO TC-Parser : Directory P:\\xpranpa\\VTOC_bk\\COUNTER\Sql\create not exist, try to create.... 
08-12-2016 17:00:03 1 INFO TC-Parser : sql queries at P:\\xpranpa\\VTOC_bk\\COUNTER\Sql\create\counter_create_queries_20160812_170003415.sql
