08-09-2016 11:45:37 1 INFO TC-Parser : Cleaning directory P:\xpranpa\CI_17A\CD\TOPOLOGY\Sql
08-09-2016 11:45:39 1 INFO TC-Parser : Directory P:\xpranpa\CI_17A\CD\TOPOLOGY\Sql\insert not exist, try to create.... 
08-09-2016 11:45:39 1 INFO TC-Parser : sql queries at P:\xpranpa\CI_17A\CD\TOPOLOGY\Sql\insert\topology_insert_queries_20160809_114539049.sql
08-09-2016 11:45:39 1 INFO TC-Parser : Directory P:\xpranpa\CI_17A\CD\TOPOLOGY\Sql\create not exist, try to create.... 
08-09-2016 11:45:39 1 INFO TC-Parser : sql queries at P:\xpranpa\CI_17A\CD\TOPOLOGY\Sql\create\topology_create_queries_20160809_114539108.sql
08-09-2016 11:50:59 1 INFO TC-Parser : Cleaning directory P:\xpranpa\CI_17A\CD\TOPOLOGY\Sql
08-09-2016 11:51:00 1 INFO TC-Parser : Directory P:\xpranpa\CI_17A\CD\TOPOLOGY\Sql\insert not exist, try to create.... 
08-09-2016 11:51:00 1 INFO TC-Parser : sql queries at P:\xpranpa\CI_17A\CD\TOPOLOGY\Sql\insert\topology_insert_queries_20160809_115100399.sql
08-09-2016 11:51:00 1 INFO TC-Parser : Directory P:\xpranpa\CI_17A\CD\TOPOLOGY\Sql\create not exist, try to create.... 
08-09-2016 11:51:00 1 INFO TC-Parser : sql queries at P:\xpranpa\CI_17A\CD\TOPOLOGY\Sql\create\topology_create_queries_20160809_115100489.sql
08-09-2016 11:52:09 1 INFO TC-Parser : Cleaning directory P:\xpranpa\CI_17A\CD\TOPOLOGY\Sql
08-09-2016 11:52:09 1 INFO TC-Parser : Directory P:\xpranpa\CI_17A\CD\TOPOLOGY\Sql\insert not exist, try to create.... 
08-09-2016 11:52:10 1 INFO TC-Parser : sql queries at P:\xpranpa\CI_17A\CD\TOPOLOGY\Sql\insert\topology_insert_queries_20160809_115209955.sql
08-09-2016 11:52:10 1 INFO TC-Parser : Directory P:\xpranpa\CI_17A\CD\TOPOLOGY\Sql\create not exist, try to create.... 
08-09-2016 11:52:10 1 INFO TC-Parser : sql queries at P:\xpranpa\CI_17A\CD\TOPOLOGY\Sql\create\topology_create_queries_20160809_115210028.sql
08-09-2016 11:53:31 1 INFO TC-Parser : Cleaning directory P:\xpranpa\CI_17A\CD\TOPOLOGY\Sql
08-09-2016 11:53:31 1 INFO TC-Parser : Directory P:\xpranpa\CI_17A\CD\TOPOLOGY\Sql\insert not exist, try to create.... 
08-09-2016 11:53:32 1 INFO TC-Parser : sql queries at P:\xpranpa\CI_17A\CD\TOPOLOGY\Sql\insert\topology_insert_queries_20160809_115331991.sql
08-09-2016 11:53:32 1 INFO TC-Parser : Directory P:\xpranpa\CI_17A\CD\TOPOLOGY\Sql\create not exist, try to create.... 
08-09-2016 11:53:32 1 INFO TC-Parser : sql queries at P:\xpranpa\CI_17A\CD\TOPOLOGY\Sql\create\topology_create_queries_20160809_115332032.sql
08-09-2016 11:59:16 1 INFO TC-Parser : Cleaning directory P:\xpranpa\CI_17A\CD\TOPOLOGY\Sql
08-09-2016 11:59:17 1 INFO TC-Parser : Directory P:\xpranpa\CI_17A\CD\TOPOLOGY\Sql\insert not exist, try to create.... 
08-09-2016 11:59:17 1 INFO TC-Parser : sql queries at P:\xpranpa\CI_17A\CD\TOPOLOGY\Sql\insert\topology_insert_queries_20160809_115917728.sql
08-09-2016 11:59:17 1 INFO TC-Parser : Directory P:\xpranpa\CI_17A\CD\TOPOLOGY\Sql\create not exist, try to create.... 
08-09-2016 11:59:17 1 INFO TC-Parser : sql queries at P:\xpranpa\CI_17A\CD\TOPOLOGY\Sql\create\topology_create_queries_20160809_115917808.sql
08-09-2016 12:02:13 1 INFO TC-Parser : Cleaning directory P:\xpranpa\CI_17A\CD\TOPOLOGY\Sql
08-09-2016 12:02:14 1 INFO TC-Parser : Directory P:\xpranpa\CI_17A\CD\TOPOLOGY\Sql\insert not exist, try to create.... 
08-09-2016 12:02:14 1 INFO TC-Parser : sql queries at P:\xpranpa\CI_17A\CD\TOPOLOGY\Sql\insert\topology_insert_queries_20160809_120214320.sql
08-09-2016 12:02:14 1 INFO TC-Parser : Directory P:\xpranpa\CI_17A\CD\TOPOLOGY\Sql\create not exist, try to create.... 
08-09-2016 12:02:14 1 INFO TC-Parser : sql queries at P:\xpranpa\CI_17A\CD\TOPOLOGY\Sql\create\topology_create_queries_20160809_120214396.sql
08-09-2016 12:05:34 1 INFO TC-Parser : Cleaning directory P:\xpranpa\CI_17A\CD\TOPOLOGY\Sql
08-09-2016 12:05:35 1 INFO TC-Parser : Directory P:\xpranpa\CI_17A\CD\TOPOLOGY\Sql\insert not exist, try to create.... 
08-09-2016 12:05:35 1 INFO TC-Parser : sql queries at P:\xpranpa\CI_17A\CD\TOPOLOGY\Sql\insert\topology_insert_queries_20160809_120535552.sql
08-09-2016 12:05:35 1 INFO TC-Parser : Directory P:\xpranpa\CI_17A\CD\TOPOLOGY\Sql\create not exist, try to create.... 
08-09-2016 12:05:35 1 INFO TC-Parser : sql queries at P:\xpranpa\CI_17A\CD\TOPOLOGY\Sql\create\topology_create_queries_20160809_120535697.sql
08-09-2016 12:06:44 1 INFO TC-Parser : Cleaning directory P:\xpranpa\CI_17A\CD\TOPOLOGY\Sql
08-09-2016 12:06:46 1 INFO TC-Parser : Directory P:\xpranpa\CI_17A\CD\TOPOLOGY\Sql\insert not exist, try to create.... 
08-09-2016 12:06:46 1 INFO TC-Parser : sql queries at P:\xpranpa\CI_17A\CD\TOPOLOGY\Sql\insert\topology_insert_queries_20160809_120646178.sql
08-09-2016 12:06:46 1 INFO TC-Parser : Directory P:\xpranpa\CI_17A\CD\TOPOLOGY\Sql\create not exist, try to create.... 
08-09-2016 12:06:46 1 INFO TC-Parser : sql queries at P:\xpranpa\CI_17A\CD\TOPOLOGY\Sql\create\topology_create_queries_20160809_120646275.sql
08-09-2016 12:08:35 1 INFO TC-Parser : Cleaning directory P:\xpranpa\CI_17A\CD\TOPOLOGY\Sql
08-09-2016 12:08:35 1 INFO TC-Parser : Directory P:\xpranpa\CI_17A\CD\TOPOLOGY\Sql\insert not exist, try to create.... 
08-09-2016 12:08:35 1 INFO TC-Parser : sql queries at P:\xpranpa\CI_17A\CD\TOPOLOGY\Sql\insert\topology_insert_queries_20160809_120835925.sql
08-09-2016 12:08:35 1 INFO TC-Parser : Directory P:\xpranpa\CI_17A\CD\TOPOLOGY\Sql\create not exist, try to create.... 
08-09-2016 12:08:36 1 INFO TC-Parser : sql queries at P:\xpranpa\CI_17A\CD\TOPOLOGY\Sql\create\topology_create_queries_20160809_120835979.sql
08-09-2016 12:10:46 1 INFO TC-Parser : Cleaning directory P:\xpranpa\CI_17A\CD\TOPOLOGY\Sql
08-09-2016 12:10:47 1 INFO TC-Parser : Directory P:\xpranpa\CI_17A\CD\TOPOLOGY\Sql\insert not exist, try to create.... 
08-09-2016 12:10:47 1 INFO TC-Parser : sql queries at P:\xpranpa\CI_17A\CD\TOPOLOGY\Sql\insert\topology_insert_queries_20160809_121047764.sql
08-09-2016 12:10:47 1 INFO TC-Parser : Directory P:\xpranpa\CI_17A\CD\TOPOLOGY\Sql\create not exist, try to create.... 
08-09-2016 12:10:47 1 INFO TC-Parser : sql queries at P:\xpranpa\CI_17A\CD\TOPOLOGY\Sql\create\topology_create_queries_20160809_121047816.sql
08-09-2016 15:29:45 1 INFO TC-Parser : Cleaning directory P:\xpranpa\CI_17A\CD\TOPOLOGY\Sql
08-09-2016 15:29:46 1 INFO TC-Parser : Directory P:\xpranpa\CI_17A\CD\TOPOLOGY\Sql\insert not exist, try to create.... 
08-09-2016 15:29:46 1 INFO TC-Parser : sql queries at P:\xpranpa\CI_17A\CD\TOPOLOGY\Sql\insert\topology_insert_queries_20160809_152946479.sql
08-09-2016 15:29:46 1 INFO TC-Parser : Directory P:\xpranpa\CI_17A\CD\TOPOLOGY\Sql\create not exist, try to create.... 
08-09-2016 15:29:46 1 INFO TC-Parser : sql queries at P:\xpranpa\CI_17A\CD\TOPOLOGY\Sql\create\topology_create_queries_20160809_152946530.sql
